# JRE version: Java(TM) SE Runtime Environment (13.0.1+9) (build 13.0.1+9)
# Java VM: Java HotSpot(TM) 64-Bit Server VM (13.0.1+9, mixed mode, sharing, tiered, compressed oops, g1 gc, windows-amd64)
Heap:
 garbage-first heap   total 86016K, used 24414K [0x0000000701000000, 0x0000000800000000)
  region size 1024K, 2 young (2048K), 0 survivors (0K)
 Metaspace       used 61573K, capacity 63451K, committed 64620K, reserved 1105920K
  class space    used 8001K, capacity 8664K, committed 8812K, reserved 1048576K
GC Heap History (20 events):
Event: 5.093 GC heap before
{Heap before GC invocations=11 (full 0):
 garbage-first heap   total 78848K, used 57753K [0x0000000701000000, 0x0000000800000000)
  region size 1024K, 46 young (47104K), 8 survivors (8192K)
 Metaspace       used 41928K, capacity 43125K, committed 43384K, reserved 1087488K
  class space    used 5735K, capacity 6182K, committed 6264K, reserved 1048576K
}
Event: 5.101 GC heap after
{Heap after GC invocations=12 (full 0):
 garbage-first heap   total 95232K, used 20656K [0x0000000701000000, 0x0000000800000000)
  region size 1024K, 5 young (5120K), 5 survivors (5120K)
 Metaspace       used 41928K, capacity 43125K, committed 43384K, reserved 1087488K
  class space    used 5735K, capacity 6182K, committed 6264K, reserved 1048576K
}
Event: 5.672 GC heap before
{Heap before GC invocations=12 (full 0):
 garbage-first heap   total 95232K, used 67760K [0x0000000701000000, 0x0000000800000000)
  region size 1024K, 51 young (52224K), 5 survivors (5120K)
 Metaspace       used 47937K, capacity 49353K, committed 49656K, reserved 1091584K
  class space    used 6544K, capacity 7102K, committed 7160K, reserved 1048576K
}
Event: 5.677 GC heap after
{Heap after GC invocations=13 (full 0):
 garbage-first heap   total 95232K, used 23534K [0x0000000701000000, 0x0000000800000000)
  region size 1024K, 5 young (5120K), 5 survivors (5120K)
 Metaspace       used 47937K, capacity 49353K, committed 49656K, reserved 1091584K
  class space    used 6544K, capacity 7102K, committed 7160K, reserved 1048576K
}
Event: 8.741 GC heap before
{Heap before GC invocations=13 (full 0):
 garbage-first heap   total 95232K, used 69614K [0x0000000701000000, 0x0000000800000000)
  region size 1024K, 50 young (51200K), 5 survivors (5120K)
 Metaspace       used 53224K, capacity 54800K, committed 55032K, reserved 1095680K
  class space    used 7198K, capacity 7802K, committed 7928K, reserved 1048576K
}
Event: 8.747 GC heap after
{Heap after GC invocations=14 (full 0):
 garbage-first heap   total 95232K, used 26031K [0x0000000701000000, 0x0000000800000000)
  region size 1024K, 6 young (6144K), 6 survivors (6144K)
 Metaspace       used 53224K, capacity 54800K, committed 55032K, reserved 1095680K
  class space    used 7198K, capacity 7802K, committed 7928K, reserved 1048576K
}
Event: 9.117 GC heap before
{Heap before GC invocations=14 (full 0):
 garbage-first heap   total 95232K, used 58799K [0x0000000701000000, 0x0000000800000000)
  region size 1024K, 40 young (40960K), 6 survivors (6144K)
 Metaspace       used 58264K, capacity 59827K, committed 59896K, reserved 1101824K
  class space    used 7560K, capacity 8155K, committed 8184K, reserved 1048576K
}
Event: 9.125 GC heap after
{Heap after GC invocations=15 (full 0):
 garbage-first heap   total 95232K, used 27897K [0x0000000701000000, 0x0000000800000000)
  region size 1024K, 5 young (5120K), 5 survivors (5120K)
 Metaspace       used 58264K, capacity 59827K, committed 59896K, reserved 1101824K
  class space    used 7560K, capacity 8155K, committed 8184K, reserved 1048576K
}
Event: 30.494 GC heap before
{Heap before GC invocations=16 (full 0):
 garbage-first heap   total 95232K, used 70905K [0x0000000701000000, 0x0000000800000000)
  region size 1024K, 48 young (49152K), 5 survivors (5120K)
 Metaspace       used 59213K, capacity 61020K, committed 61164K, reserved 1101824K
  class space    used 7684K, capacity 8335K, committed 8428K, reserved 1048576K
}
Event: 30.498 GC heap after
{Heap after GC invocations=17 (full 0):
 garbage-first heap   total 95232K, used 28509K [0x0000000701000000, 0x0000000800000000)
  region size 1024K, 3 young (3072K), 3 survivors (3072K)
 Metaspace       used 59213K, capacity 61020K, committed 61164K, reserved 1101824K
  class space    used 7684K, capacity 8335K, committed 8428K, reserved 1048576K
}
Event: 59.443 GC heap before
{Heap before GC invocations=17 (full 0):
 garbage-first heap   total 95232K, used 71517K [0x0000000701000000, 0x0000000800000000)
  region size 1024K, 46 young (47104K), 3 survivors (3072K)
 Metaspace       used 59363K, capacity 61251K, committed 61420K, reserved 1101824K
  class space    used 7697K, capacity 8351K, committed 8428K, reserved 1048576K
}
Event: 59.445 GC heap after
{Heap after GC invocations=18 (full 0):
 garbage-first heap   total 95232K, used 28439K [0x0000000701000000, 0x0000000800000000)
  region size 1024K, 3 young (3072K), 3 survivors (3072K)
 Metaspace       used 59363K, capacity 61251K, committed 61420K, reserved 1101824K
  class space    used 7697K, capacity 8351K, committed 8428K, reserved 1048576K
}
Event: 157.997 GC heap before
{Heap before GC invocations=18 (full 0):
 garbage-first heap   total 95232K, used 72471K [0x0000000701000000, 0x0000000800000000)
  region size 1024K, 47 young (48128K), 3 survivors (3072K)
 Metaspace       used 59636K, capacity 61616K, committed 61676K, reserved 1101824K
  class space    used 7724K, capacity 8368K, committed 8428K, reserved 1048576K
}
Event: 158.000 GC heap after
{Heap after GC invocations=19 (full 0):
 garbage-first heap   total 95232K, used 28026K [0x0000000701000000, 0x0000000800000000)
  region size 1024K, 3 young (3072K), 3 survivors (3072K)
 Metaspace       used 59636K, capacity 61616K, committed 61676K, reserved 1101824K
  class space    used 7724K, capacity 8368K, committed 8428K, reserved 1048576K
}
Event: 406.605 GC heap before
{Heap before GC invocations=19 (full 0):
 garbage-first heap   total 95232K, used 73082K [0x0000000701000000, 0x0000000800000000)
  region size 1024K, 48 young (49152K), 3 survivors (3072K)
 Metaspace       used 61352K, capacity 63465K, committed 63724K, reserved 1103872K
  class space    used 7934K, capacity 8598K, committed 8684K, reserved 1048576K
}
Event: 406.610 GC heap after
{Heap after GC invocations=20 (full 0):
 garbage-first heap   total 95232K, used 28779K [0x0000000701000000, 0x0000000800000000)
  region size 1024K, 3 young (3072K), 3 survivors (3072K)
 Metaspace       used 61352K, capacity 63465K, committed 63724K, reserved 1103872K
  class space    used 7934K, capacity 8598K, committed 8684K, reserved 1048576K
}
Event: 1322.285 GC heap before
{Heap before GC invocations=20 (full 0):
 garbage-first heap   total 95232K, used 74859K [0x0000000701000000, 0x0000000800000000)
  region size 1024K, 49 young (50176K), 3 survivors (3072K)
 Metaspace       used 61441K, capacity 63642K, committed 63724K, reserved 1103872K
  class space    used 7942K, capacity 8611K, committed 8684K, reserved 1048576K
}
Event: 1322.294 GC heap after
{Heap after GC invocations=21 (full 0):
 garbage-first heap   total 95232K, used 28468K [0x0000000701000000, 0x0000000800000000)
  region size 1024K, 3 young (3072K), 3 survivors (3072K)
 Metaspace       used 61441K, capacity 63642K, committed 63724K, reserved 1103872K
  class space    used 7942K, capacity 8611K, committed 8684K, reserved 1048576K
}
Event: 1698.798 GC heap before
{Heap before GC invocations=21 (full 0):
 garbage-first heap   total 95232K, used 60212K [0x0000000701000000, 0x0000000800000000)
  region size 1024K, 36 young (36864K), 3 survivors (3072K)
 Metaspace       used 62059K, capacity 64429K, committed 64620K, reserved 1105920K
  class space    used 8033K, capacity 8717K, committed 8812K, reserved 1048576K
}
Event: 1698.849 GC heap after
{Heap after GC invocations=22 (full 1):
 garbage-first heap   total 86016K, used 23390K [0x0000000701000000, 0x0000000800000000)
  region size 1024K, 0 young (0K), 0 survivors (0K)
 Metaspace       used 61567K, capacity 63445K, committed 64620K, reserved 1105920K
  class space    used 7999K, capacity 8662K, committed 8812K, reserved 1048576K
}

